<?xml version="1.0" encoding="UTF-8"?>
<testsuite name="zerobase.weather.JdbcMemoRepositoryTest" tests="1" skipped="0" failures="0" errors="0" timestamp="2024-02-25T14:40:48" hostname="baggyeongdeog-ui-MacBookAir.local" time="0.505">
  <properties/>
  <testcase name="fineAllMemoTest()" classname="zerobase.weather.JdbcMemoRepositoryTest" time="0.505"/>
  <system-out><![CDATA[23:40:47.747 [Test worker] INFO org.springframework.test.context.support.AnnotationConfigContextLoaderUtils -- Could not detect default configuration classes for test class [zerobase.weather.JdbcMemoRepositoryTest]: JdbcMemoRepositoryTest does not declare any static, non-private, non-final, nested classes annotated with @Configuration.
23:40:47.784 [Test worker] INFO org.springframework.boot.test.context.SpringBootTestContextBootstrapper -- Found @SpringBootConfiguration zerobase.weather.WeatherApplication for test class zerobase.weather.JdbcMemoRepositoryTest

  .   ____          _            __ _ _
 /\\ / ___'_ __ _ _(_)_ __  __ _ \ \ \ \
( ( )\___ | '_ | '_| | '_ \/ _` | \ \ \ \
 \\/  ___)| |_)| | | | | || (_| |  ) ) ) )
  '  |____| .__|_| |_|_| |_\__, | / / / /
 =========|_|==============|___/=/_/_/_/
 :: Spring Boot ::                (v3.2.3)

2024-02-25T23:40:47.916+09:00  INFO 72426 --- [    Test worker] z.weather.JdbcMemoRepositoryTest         : Starting JdbcMemoRepositoryTest using Java 17.0.10 with PID 72426 (started by duck in /Users/duck/Desktop/Workspace/ZeroBase/Project/weather)
2024-02-25T23:40:47.917+09:00  INFO 72426 --- [    Test worker] z.weather.JdbcMemoRepositoryTest         : No active profile set, falling back to 1 default profile: "default"
2024-02-25T23:40:48.400+09:00  INFO 72426 --- [    Test worker] z.weather.JdbcMemoRepositoryTest         : Started JdbcMemoRepositoryTest in 0.565 seconds (process running for 0.975)
2024-02-25T23:40:48.768+09:00  INFO 72426 --- [    Test worker] com.zaxxer.hikari.HikariDataSource       : HikariPool-1 - Starting...
2024-02-25T23:40:48.895+09:00  INFO 72426 --- [    Test worker] com.zaxxer.hikari.pool.HikariPool        : HikariPool-1 - Added connection com.mysql.cj.jdbc.ConnectionImpl@57b63253
2024-02-25T23:40:48.896+09:00  INFO 72426 --- [    Test worker] com.zaxxer.hikari.HikariDataSource       : HikariPool-1 - Start completed.
Memo(id=1, text=this is memo~)
Memo(id=2, text=insertMemoTest)
]]></system-out>
  <system-err><![CDATA[]]></system-err>
</testsuite>
