<?xml version="1.0" encoding="UTF-8"?>
<testsuite name="zerobase.weather.WeatherApplicationTests" tests="3" skipped="0" failures="0" errors="0" timestamp="2024-02-24T07:09:02" hostname="baggyeocBookAir" time="0.365">
  <properties/>
  <testcase name="nullTest()" classname="zerobase.weather.WeatherApplicationTests" time="0.361"/>
  <testcase name="equalTest()" classname="zerobase.weather.WeatherApplicationTests" time="0.001"/>
  <testcase name="trueTest()" classname="zerobase.weather.WeatherApplicationTests" time="0.001"/>
  <system-out><![CDATA[16:09:01.941 [Test worker] INFO org.springframework.test.context.support.AnnotationConfigContextLoaderUtils -- Could not detect default configuration classes for test class [zerobase.weather.WeatherApplicationTests]: WeatherApplicationTests does not declare any static, non-private, non-final, nested classes annotated with @Configuration.
16:09:01.974 [Test worker] INFO org.springframework.boot.test.context.SpringBootTestContextBootstrapper -- Found @SpringBootConfiguration zerobase.weather.WeatherApplication for test class zerobase.weather.WeatherApplicationTests

  .   ____          _            __ _ _
 /\\ / ___'_ __ _ _(_)_ __  __ _ \ \ \ \
( ( )\___ | '_ | '_| | '_ \/ _` | \ \ \ \
 \\/  ___)| |_)| | | | | || (_| |  ) ) ) )
  '  |____| .__|_| |_|_| |_\__, | / / / /
 =========|_|==============|___/=/_/_/_/
 :: Spring Boot ::                (v3.2.3)

2024-02-24T16:09:02.100+09:00  INFO 22153 --- [    Test worker] z.weather.WeatherApplicationTests        : Starting WeatherApplicationTests using Java 17.0.10 with PID 22153 (started by duck in /Users/duck/Desktop/Workspace/Project/weather)
2024-02-24T16:09:02.101+09:00  INFO 22153 --- [    Test worker] z.weather.WeatherApplicationTests        : No active profile set, falling back to 1 default profile: "default"
2024-02-24T16:09:02.277+09:00  INFO 22153 --- [    Test worker] z.weather.WeatherApplicationTests        : Started WeatherApplicationTests in 0.256 seconds (process running for 0.637)
]]></system-out>
  <system-err><![CDATA[]]></system-err>
</testsuite>
