<?xml version="1.0" encoding="UTF-8"?>
<testsuite name="zerobase.weather.JpaMemoRepositoryTest" tests="1" skipped="0" failures="0" errors="0" timestamp="2024-02-25T15:29:10" hostname="baggyeongdeog-ui-MacBookAir.local" time="0.312">
  <properties/>
  <testcase name="findById()" classname="zerobase.weather.JpaMemoRepositoryTest" time="0.312"/>
  <system-out><![CDATA[00:29:08.492 [Test worker] INFO org.springframework.test.context.support.AnnotationConfigContextLoaderUtils -- Could not detect default configuration classes for test class [zerobase.weather.JpaMemoRepositoryTest]: JpaMemoRepositoryTest does not declare any static, non-private, non-final, nested classes annotated with @Configuration.
00:29:08.530 [Test worker] INFO org.springframework.boot.test.context.SpringBootTestContextBootstrapper -- Found @SpringBootConfiguration zerobase.weather.WeatherApplication for test class zerobase.weather.JpaMemoRepositoryTest

  .   ____          _            __ _ _
 /\\ / ___'_ __ _ _(_)_ __  __ _ \ \ \ \
( ( )\___ | '_ | '_| | '_ \/ _` | \ \ \ \
 \\/  ___)| |_)| | | | | || (_| |  ) ) ) )
  '  |____| .__|_| |_|_| |_\__, | / / / /
 =========|_|==============|___/=/_/_/_/
 :: Spring Boot ::                (v3.2.3)

2024-02-26T00:29:08.667+09:00  INFO 95896 --- [    Test worker] zerobase.weather.JpaMemoRepositoryTest   : Starting JpaMemoRepositoryTest using Java 17.0.10 with PID 95896 (started by duck in /Users/duck/Desktop/Workspace/ZeroBase/Project/weather)
2024-02-26T00:29:08.668+09:00  INFO 95896 --- [    Test worker] zerobase.weather.JpaMemoRepositoryTest   : No active profile set, falling back to 1 default profile: "default"
2024-02-26T00:29:08.906+09:00  INFO 95896 --- [    Test worker] .s.d.r.c.RepositoryConfigurationDelegate : Bootstrapping Spring Data JPA repositories in DEFAULT mode.
2024-02-26T00:29:08.923+09:00  INFO 95896 --- [    Test worker] .s.d.r.c.RepositoryConfigurationDelegate : Finished Spring Data repository scanning in 14 ms. Found 1 JPA repository interface.
2024-02-26T00:29:09.073+09:00  INFO 95896 --- [    Test worker] com.zaxxer.hikari.HikariDataSource       : HikariPool-1 - Starting...
2024-02-26T00:29:09.208+09:00  INFO 95896 --- [    Test worker] com.zaxxer.hikari.pool.HikariPool        : HikariPool-1 - Added connection com.mysql.cj.jdbc.ConnectionImpl@16cb9989
2024-02-26T00:29:09.208+09:00  INFO 95896 --- [    Test worker] com.zaxxer.hikari.HikariDataSource       : HikariPool-1 - Start completed.
2024-02-26T00:29:09.232+09:00  INFO 95896 --- [    Test worker] o.hibernate.jpa.internal.util.LogHelper  : HHH000204: Processing PersistenceUnitInfo [name: default]
2024-02-26T00:29:09.257+09:00  INFO 95896 --- [    Test worker] org.hibernate.Version                    : HHH000412: Hibernate ORM core version 6.4.4.Final
2024-02-26T00:29:09.271+09:00  INFO 95896 --- [    Test worker] o.h.c.internal.RegionFactoryInitiator    : HHH000026: Second-level cache disabled
2024-02-26T00:29:09.370+09:00  INFO 95896 --- [    Test worker] o.s.o.j.p.SpringPersistenceUnitInfo      : No LoadTimeWeaver setup: ignoring JPA class transformer
2024-02-26T00:29:09.403+09:00  WARN 95896 --- [    Test worker] org.hibernate.orm.deprecation            : HHH90000025: MySQLDialect does not need to be specified explicitly using 'hibernate.dialect' (remove the property setting and it will be selected by default)
2024-02-26T00:29:09.724+09:00  INFO 95896 --- [    Test worker] o.h.e.t.j.p.i.JtaPlatformInitiator       : HHH000489: No JTA platform available (set 'hibernate.transaction.jta.platform' to enable JTA platform integration)
2024-02-26T00:29:09.726+09:00  INFO 95896 --- [    Test worker] j.LocalContainerEntityManagerFactoryBean : Initialized JPA EntityManagerFactory for persistence unit 'default'
2024-02-26T00:29:09.789+09:00  WARN 95896 --- [    Test worker] JpaBaseConfiguration$JpaWebConfiguration : spring.jpa.open-in-view is enabled by default. Therefore, database queries may be performed during view rendering. Explicitly configure spring.jpa.open-in-view to disable this warning
2024-02-26T00:29:10.020+09:00  INFO 95896 --- [    Test worker] zerobase.weather.JpaMemoRepositoryTest   : Started JpaMemoRepositoryTest in 1.436 seconds (process running for 1.855)
Hibernate: select m1_0.id,m1_0.text from memo m1_0 where m1_0.id=?
Hibernate: insert into memo (text) values (?)
6
]]></system-out>
  <system-err><![CDATA[]]></system-err>
</testsuite>
